21:46:11: Creating resource group General
21:46:11: Creating resource group OgreInternal
21:46:11: Creating resource group OgreAutodetect
21:46:11: Registering ResourceManager for type Material
21:46:11: Registering ResourceManager for type Skeleton
21:46:11: Registering ResourceManager for type Mesh
21:46:11: Warning: conversion is an older format ([MeshSerializer_v1.8]); you should upgrade it as soon as possible using the OgreMeshUpgrade tool.
21:46:11: MeshSerializer writing mesh data to stream M3_wheel.mesh...
21:46:11: File header written.
21:46:11: Writing mesh data...
21:46:11: Writing submesh...
21:46:11: Exporting submesh texture aliases...
21:46:11: Submesh texture aliases exported.
21:46:11: Submesh exported.
21:46:11: Exporting bounds information....
21:46:11: Bounds information exported.
21:46:11: Exporting submesh name table...
21:46:11: Submesh name table exported.
21:46:11: Exporting edge lists...
21:46:11: Edge lists exported
21:46:11: Mesh data exported.
21:46:11: MeshSerializer export successful.
21:46:11: Unregistering ResourceManager for type Mesh
21:46:11: Unregistering ResourceManager for type Skeleton
21:46:11: Unregistering ResourceManager for type Material
