14:19:23: Creating resource group General
14:19:23: Creating resource group OgreInternal
14:19:23: Creating resource group OgreAutodetect
14:19:23: Registering ResourceManager for type Material
14:19:23: Registering ResourceManager for type Skeleton
14:19:23: Registering ResourceManager for type Mesh
14:19:23: Warning: conversion is an older format ([MeshSerializer_v1.41]); you should upgrade it as soon as possible using the OgreMeshUpgrade tool.
14:19:23: MeshSerializer writing mesh data to stream XZ_wheel.mesh...
14:19:23: File header written.
14:19:23: Writing mesh data...
14:19:23: Writing submesh...
14:19:23: Exporting submesh texture aliases...
14:19:23: Submesh texture aliases exported.
14:19:23: Submesh exported.
14:19:23: Exporting bounds information....
14:19:23: Bounds information exported.
14:19:23: Exporting submesh name table...
14:19:23: Submesh name table exported.
14:19:23: Exporting edge lists...
14:19:23: Edge lists exported
14:19:23: Mesh data exported.
14:19:23: MeshSerializer export successful.
14:19:23: Unregistering ResourceManager for type Mesh
14:19:23: Unregistering ResourceManager for type Skeleton
14:19:23: Unregistering ResourceManager for type Material
